Determining if the pthread_create exist failed with the following output:
Change Dir: /home/qwop/Documents/GitHub/NTNU/2017H/TDAT3020(nettverk_sikkerhet)/Oving2/build/debug/CMakeFiles/CMakeTmp

Run Build Command:"/usr/bin/make" "cmTC_35acf/fast"
/usr/bin/make -f CMakeFiles/cmTC_35acf.dir/build.make CMakeFiles/cmTC_35acf.dir/build
make[1]: Entering directory '/home/qwop/Documents/GitHub/NTNU/2017H/TDAT3020(nettverk_sikkerhet)/Oving2/build/debug/CMakeFiles/CMakeTmp'
Building C object CMakeFiles/cmTC_35acf.dir/CheckSymbolExists.c.o
/usr/bin/cc     -o CMakeFiles/cmTC_35acf.dir/CheckSymbolExists.c.o   -c "/home/qwop/Documents/GitHub/NTNU/2017H/TDAT3020(nettverk_sikkerhet)/Oving2/build/debug/CMakeFiles/CMakeTmp/CheckSymbolExists.c"
Linking C executable cmTC_35acf
/usr/bin/cmake -E cmake_link_script CMakeFiles/cmTC_35acf.dir/link.txt --verbose=1
/usr/bin/cc       CMakeFiles/cmTC_35acf.dir/CheckSymbolExists.c.o  -o cmTC_35acf -rdynamic 
CMakeFiles/cmTC_35acf.dir/CheckSymbolExists.c.o: In function `main':
CheckSymbolExists.c:(.text+0x16): undefined reference to `pthread_create'
collect2: error: ld returned 1 exit status
CMakeFiles/cmTC_35acf.dir/build.make:97: recipe for target 'cmTC_35acf' failed
make[1]: *** [cmTC_35acf] Error 1
make[1]: Leaving directory '/home/qwop/Documents/GitHub/NTNU/2017H/TDAT3020(nettverk_sikkerhet)/Oving2/build/debug/CMakeFiles/CMakeTmp'
Makefile:126: recipe for target 'cmTC_35acf/fast' failed
make: *** [cmTC_35acf/fast] Error 2

File /home/qwop/Documents/GitHub/NTNU/2017H/TDAT3020(nettverk_sikkerhet)/Oving2/build/debug/CMakeFiles/CMakeTmp/CheckSymbolExists.c:
/* */
#include <pthread.h>

int main(int argc, char** argv)
{
  (void)argv;
#ifndef pthread_create
  return ((int*)(&pthread_create))[argc];
#else
  (void)argc;
  return 0;
#endif
}

Determining if the function pthread_create exists in the pthreads failed with the following output:
Change Dir: /home/qwop/Documents/GitHub/NTNU/2017H/TDAT3020(nettverk_sikkerhet)/Oving2/build/debug/CMakeFiles/CMakeTmp

Run Build Command:"/usr/bin/make" "cmTC_2337c/fast"
/usr/bin/make -f CMakeFiles/cmTC_2337c.dir/build.make CMakeFiles/cmTC_2337c.dir/build
make[1]: Entering directory '/home/qwop/Documents/GitHub/NTNU/2017H/TDAT3020(nettverk_sikkerhet)/Oving2/build/debug/CMakeFiles/CMakeTmp'
Building C object CMakeFiles/cmTC_2337c.dir/CheckFunctionExists.c.o
/usr/bin/cc    -DCHECK_FUNCTION_EXISTS=pthread_create   -o CMakeFiles/cmTC_2337c.dir/CheckFunctionExists.c.o   -c /usr/share/cmake-3.5/Modules/CheckFunctionExists.c
Linking C executable cmTC_2337c
/usr/bin/cmake -E cmake_link_script CMakeFiles/cmTC_2337c.dir/link.txt --verbose=1
/usr/bin/cc   -DCHECK_FUNCTION_EXISTS=pthread_create    CMakeFiles/cmTC_2337c.dir/CheckFunctionExists.c.o  -o cmTC_2337c -rdynamic -lpthreads 
/usr/bin/ld: cannot find -lpthreads
collect2: error: ld returned 1 exit status
CMakeFiles/cmTC_2337c.dir/build.make:97: recipe for target 'cmTC_2337c' failed
make[1]: *** [cmTC_2337c] Error 1
make[1]: Leaving directory '/home/qwop/Documents/GitHub/NTNU/2017H/TDAT3020(nettverk_sikkerhet)/Oving2/build/debug/CMakeFiles/CMakeTmp'
Makefile:126: recipe for target 'cmTC_2337c/fast' failed
make: *** [cmTC_2337c/fast] Error 2


